m4_glm_camera.cpp
m4_vulkan_core.cpp
m4_vulkan_device.cpp
m4_vulkan_glfw.cpp
m4_vulkan_pipeline.cpp
m4_vulkan_queue.cpp
m4_vulkan_shader.cpp
m4_vulkan_utils.cpp
tutorial_app.cpp
Generating Code...
LINK : C:\vulkan_ogldev\bin\main.exe not found or not built by the last incremental link; performing full link
glslang.lib(glslang_c_interface.obj) : warning LNK4099: PDB 'glslang.pdb' was not found with 'glslang.lib(glslang_c_interface.obj)' or at 'C:\vulkan_ogldev\bin\glslang.pdb'; linking object as if no debug info
glslang.lib(spirv_c_interface.obj) : warning LNK4099: PDB 'glslang.pdb' was not found with 'glslang.lib(spirv_c_interface.obj)' or at 'C:\vulkan_ogldev\bin\glslang.pdb'; linking object as if no debug info
glslang.lib(ShaderLang.obj) : warning LNK4099: PDB 'glslang.pdb' was not found with 'glslang.lib(ShaderLang.obj)' or at 'C:\vulkan_ogldev\bin\glslang.pdb'; linking object as if no debug info
glslang.lib(iomapper.obj) : warning LNK4099: PDB 'glslang.pdb' was not found with 'glslang.lib(iomapper.obj)' or at 'C:\vulkan_ogldev\bin\glslang.pdb'; linking object as if no debug info
glslang.lib(cmake_pch.obj) : warning LNK4099: PDB 'glslang.pdb' was not found with 'glslang.lib(cmake_pch.obj)' or at 'C:\vulkan_ogldev\bin\glslang.pdb'; linking object as if no debug info
glslang.lib(Logger.obj) : warning LNK4099: PDB 'glslang.pdb' was not found with 'glslang.lib(Logger.obj)' or at 'C:\vulkan_ogldev\bin\glslang.pdb'; linking object as if no debug info
glslang.lib(GlslangToSpv.obj) : warning LNK4099: PDB 'glslang.pdb' was not found with 'glslang.lib(GlslangToSpv.obj)' or at 'C:\vulkan_ogldev\bin\glslang.pdb'; linking object as if no debug info
glslang.lib(PoolAlloc.obj) : warning LNK4099: PDB 'glslang.pdb' was not found with 'glslang.lib(PoolAlloc.obj)' or at 'C:\vulkan_ogldev\bin\glslang.pdb'; linking object as if no debug info
glslang.lib(Versions.obj) : warning LNK4099: PDB 'glslang.pdb' was not found with 'glslang.lib(Versions.obj)' or at 'C:\vulkan_ogldev\bin\glslang.pdb'; linking object as if no debug info
glslang.lib(Intermediate.obj) : warning LNK4099: PDB 'glslang.pdb' was not found with 'glslang.lib(Intermediate.obj)' or at 'C:\vulkan_ogldev\bin\glslang.pdb'; linking object as if no debug info
glslang.lib(IntermTraverse.obj) : warning LNK4099: PDB 'glslang.pdb' was not found with 'glslang.lib(IntermTraverse.obj)' or at 'C:\vulkan_ogldev\bin\glslang.pdb'; linking object as if no debug info
glslang.lib(InfoSink.obj) : warning LNK4099: PDB 'glslang.pdb' was not found with 'glslang.lib(InfoSink.obj)' or at 'C:\vulkan_ogldev\bin\glslang.pdb'; linking object as if no debug info
glslang.lib(SymbolTable.obj) : warning LNK4099: PDB 'glslang.pdb' was not found with 'glslang.lib(SymbolTable.obj)' or at 'C:\vulkan_ogldev\bin\glslang.pdb'; linking object as if no debug info
glslang.lib(Scan.obj) : warning LNK4099: PDB 'glslang.pdb' was not found with 'glslang.lib(Scan.obj)' or at 'C:\vulkan_ogldev\bin\glslang.pdb'; linking object as if no debug info
glslang.lib(CodeGen.obj) : warning LNK4099: PDB 'glslang.pdb' was not found with 'glslang.lib(CodeGen.obj)' or at 'C:\vulkan_ogldev\bin\glslang.pdb'; linking object as if no debug info
glslang.lib(Link.obj) : warning LNK4099: PDB 'glslang.pdb' was not found with 'glslang.lib(Link.obj)' or at 'C:\vulkan_ogldev\bin\glslang.pdb'; linking object as if no debug info
glslang.lib(intermOut.obj) : warning LNK4099: PDB 'glslang.pdb' was not found with 'glslang.lib(intermOut.obj)' or at 'C:\vulkan_ogldev\bin\glslang.pdb'; linking object as if no debug info
glslang.lib(linkValidate.obj) : warning LNK4099: PDB 'glslang.pdb' was not found with 'glslang.lib(linkValidate.obj)' or at 'C:\vulkan_ogldev\bin\glslang.pdb'; linking object as if no debug info
glslang.lib(ParseHelper.obj) : warning LNK4099: PDB 'glslang.pdb' was not found with 'glslang.lib(ParseHelper.obj)' or at 'C:\vulkan_ogldev\bin\glslang.pdb'; linking object as if no debug info
glslang.lib(hlslParseHelper.obj) : warning LNK4099: PDB 'glslang.pdb' was not found with 'glslang.lib(hlslParseHelper.obj)' or at 'C:\vulkan_ogldev\bin\glslang.pdb'; linking object as if no debug info
glslang.lib(Initialize.obj) : warning LNK4099: PDB 'glslang.pdb' was not found with 'glslang.lib(Initialize.obj)' or at 'C:\vulkan_ogldev\bin\glslang.pdb'; linking object as if no debug info
glslang.lib(hlslParseables.obj) : warning LNK4099: PDB 'glslang.pdb' was not found with 'glslang.lib(hlslParseables.obj)' or at 'C:\vulkan_ogldev\bin\glslang.pdb'; linking object as if no debug info
glslang.lib(PpContext.obj) : warning LNK4099: PDB 'glslang.pdb' was not found with 'glslang.lib(PpContext.obj)' or at 'C:\vulkan_ogldev\bin\glslang.pdb'; linking object as if no debug info
glslang.lib(PpScanner.obj) : warning LNK4099: PDB 'glslang.pdb' was not found with 'glslang.lib(PpScanner.obj)' or at 'C:\vulkan_ogldev\bin\glslang.pdb'; linking object as if no debug info
glslang.lib(reflection.obj) : warning LNK4099: PDB 'glslang.pdb' was not found with 'glslang.lib(reflection.obj)' or at 'C:\vulkan_ogldev\bin\glslang.pdb'; linking object as if no debug info
glslang.lib(SpirvIntrinsics.obj) : warning LNK4099: PDB 'glslang.pdb' was not found with 'glslang.lib(SpirvIntrinsics.obj)' or at 'C:\vulkan_ogldev\bin\glslang.pdb'; linking object as if no debug info
glslang.lib(SpvBuilder.obj) : warning LNK4099: PDB 'glslang.pdb' was not found with 'glslang.lib(SpvBuilder.obj)' or at 'C:\vulkan_ogldev\bin\glslang.pdb'; linking object as if no debug info
glslang.lib(SpvPostProcess.obj) : warning LNK4099: PDB 'glslang.pdb' was not found with 'glslang.lib(SpvPostProcess.obj)' or at 'C:\vulkan_ogldev\bin\glslang.pdb'; linking object as if no debug info
glslang.lib(SpvTools.obj) : warning LNK4099: PDB 'glslang.pdb' was not found with 'glslang.lib(SpvTools.obj)' or at 'C:\vulkan_ogldev\bin\glslang.pdb'; linking object as if no debug info
glslang.lib(Constant.obj) : warning LNK4099: PDB 'glslang.pdb' was not found with 'glslang.lib(Constant.obj)' or at 'C:\vulkan_ogldev\bin\glslang.pdb'; linking object as if no debug info
glslang.lib(RemoveTree.obj) : warning LNK4099: PDB 'glslang.pdb' was not found with 'glslang.lib(RemoveTree.obj)' or at 'C:\vulkan_ogldev\bin\glslang.pdb'; linking object as if no debug info
glslang.lib(propagateNoContraction.obj) : warning LNK4099: PDB 'glslang.pdb' was not found with 'glslang.lib(propagateNoContraction.obj)' or at 'C:\vulkan_ogldev\bin\glslang.pdb'; linking object as if no debug info
glslang.lib(ParseContextBase.obj) : warning LNK4099: PDB 'glslang.pdb' was not found with 'glslang.lib(ParseContextBase.obj)' or at 'C:\vulkan_ogldev\bin\glslang.pdb'; linking object as if no debug info
glslang.lib(limits.obj) : warning LNK4099: PDB 'glslang.pdb' was not found with 'glslang.lib(limits.obj)' or at 'C:\vulkan_ogldev\bin\glslang.pdb'; linking object as if no debug info
glslang.lib(glslang_tab.obj) : warning LNK4099: PDB 'glslang.pdb' was not found with 'glslang.lib(glslang_tab.obj)' or at 'C:\vulkan_ogldev\bin\glslang.pdb'; linking object as if no debug info
glslang.lib(attribute.obj) : warning LNK4099: PDB 'glslang.pdb' was not found with 'glslang.lib(attribute.obj)' or at 'C:\vulkan_ogldev\bin\glslang.pdb'; linking object as if no debug info
glslang.lib(hlslGrammar.obj) : warning LNK4099: PDB 'glslang.pdb' was not found with 'glslang.lib(hlslGrammar.obj)' or at 'C:\vulkan_ogldev\bin\glslang.pdb'; linking object as if no debug info
glslang.lib(PpAtom.obj) : warning LNK4099: PDB 'glslang.pdb' was not found with 'glslang.lib(PpAtom.obj)' or at 'C:\vulkan_ogldev\bin\glslang.pdb'; linking object as if no debug info
glslang.lib(Pp.obj) : warning LNK4099: PDB 'glslang.pdb' was not found with 'glslang.lib(Pp.obj)' or at 'C:\vulkan_ogldev\bin\glslang.pdb'; linking object as if no debug info
glslang.lib(InReadableOrder.obj) : warning LNK4099: PDB 'glslang.pdb' was not found with 'glslang.lib(InReadableOrder.obj)' or at 'C:\vulkan_ogldev\bin\glslang.pdb'; linking object as if no debug info
glslang.lib(parseConst.obj) : warning LNK4099: PDB 'glslang.pdb' was not found with 'glslang.lib(parseConst.obj)' or at 'C:\vulkan_ogldev\bin\glslang.pdb'; linking object as if no debug info
glslang.lib(hlslAttributes.obj) : warning LNK4099: PDB 'glslang.pdb' was not found with 'glslang.lib(hlslAttributes.obj)' or at 'C:\vulkan_ogldev\bin\glslang.pdb'; linking object as if no debug info
glslang.lib(hlslScanContext.obj) : warning LNK4099: PDB 'glslang.pdb' was not found with 'glslang.lib(hlslScanContext.obj)' or at 'C:\vulkan_ogldev\bin\glslang.pdb'; linking object as if no debug info
glslang.lib(hlslOpMap.obj) : warning LNK4099: PDB 'glslang.pdb' was not found with 'glslang.lib(hlslOpMap.obj)' or at 'C:\vulkan_ogldev\bin\glslang.pdb'; linking object as if no debug info
glslang.lib(hlslTokenStream.obj) : warning LNK4099: PDB 'glslang.pdb' was not found with 'glslang.lib(hlslTokenStream.obj)' or at 'C:\vulkan_ogldev\bin\glslang.pdb'; linking object as if no debug info
glslang.lib(PpTokens.obj) : warning LNK4099: PDB 'glslang.pdb' was not found with 'glslang.lib(PpTokens.obj)' or at 'C:\vulkan_ogldev\bin\glslang.pdb'; linking object as if no debug info
SPIRV-Tools.lib(table.obj) : warning LNK4099: PDB 'SPIRV-Tools.pdb' was not found with 'SPIRV-Tools.lib(table.obj)' or at 'C:\vulkan_ogldev\bin\SPIRV-Tools.pdb'; linking object as if no debug info
SPIRV-Tools.lib(spirv_validator_options.obj) : warning LNK4099: PDB 'SPIRV-Tools.pdb' was not found with 'SPIRV-Tools.lib(spirv_validator_options.obj)' or at 'C:\vulkan_ogldev\bin\SPIRV-Tools.pdb'; linking object as if no debug info
SPIRV-Tools.lib(spirv_optimizer_options.obj) : warning LNK4099: PDB 'SPIRV-Tools.pdb' was not found with 'SPIRV-Tools.lib(spirv_optimizer_options.obj)' or at 'C:\vulkan_ogldev\bin\SPIRV-Tools.pdb'; linking object as if no debug info
SPIRV-Tools.lib(disassemble.obj) : warning LNK4099: PDB 'SPIRV-Tools.pdb' was not found with 'SPIRV-Tools.lib(disassemble.obj)' or at 'C:\vulkan_ogldev\bin\SPIRV-Tools.pdb'; linking object as if no debug info
SPIRV-Tools.lib(validate.obj) : warning LNK4099: PDB 'SPIRV-Tools.pdb' was not found with 'SPIRV-Tools.lib(validate.obj)' or at 'C:\vulkan_ogldev\bin\SPIRV-Tools.pdb'; linking object as if no debug info
SPIRV-Tools.lib(diagnostic.obj) : warning LNK4099: PDB 'SPIRV-Tools.pdb' was not found with 'SPIRV-Tools.lib(diagnostic.obj)' or at 'C:\vulkan_ogldev\bin\SPIRV-Tools.pdb'; linking object as if no debug info
SPIRV-Tools.lib(pch_source.obj) : warning LNK4099: PDB 'SPIRV-Tools.pdb' was not found with 'SPIRV-Tools.lib(pch_source.obj)' or at 'C:\vulkan_ogldev\bin\SPIRV-Tools.pdb'; linking object as if no debug info
SPIRV-Tools.lib(operand.obj) : warning LNK4099: PDB 'SPIRV-Tools.pdb' was not found with 'SPIRV-Tools.lib(operand.obj)' or at 'C:\vulkan_ogldev\bin\SPIRV-Tools.pdb'; linking object as if no debug info
SPIRV-Tools.lib(text.obj) : warning LNK4099: PDB 'SPIRV-Tools.pdb' was not found with 'SPIRV-Tools.lib(text.obj)' or at 'C:\vulkan_ogldev\bin\SPIRV-Tools.pdb'; linking object as if no debug info
SPIRV-Tools.lib(binary.obj) : warning LNK4099: PDB 'SPIRV-Tools.pdb' was not found with 'SPIRV-Tools.lib(binary.obj)' or at 'C:\vulkan_ogldev\bin\SPIRV-Tools.pdb'; linking object as if no debug info
SPIRV-Tools.lib(table2.obj) : warning LNK4099: PDB 'SPIRV-Tools.pdb' was not found with 'SPIRV-Tools.lib(table2.obj)' or at 'C:\vulkan_ogldev\bin\SPIRV-Tools.pdb'; linking object as if no debug info
SPIRV-Tools.lib(name_mapper.obj) : warning LNK4099: PDB 'SPIRV-Tools.pdb' was not found with 'SPIRV-Tools.lib(name_mapper.obj)' or at 'C:\vulkan_ogldev\bin\SPIRV-Tools.pdb'; linking object as if no debug info
SPIRV-Tools.lib(ext_inst.obj) : warning LNK4099: PDB 'SPIRV-Tools.pdb' was not found with 'SPIRV-Tools.lib(ext_inst.obj)' or at 'C:\vulkan_ogldev\bin\SPIRV-Tools.pdb'; linking object as if no debug info
SPIRV-Tools.lib(opcode.obj) : warning LNK4099: PDB 'SPIRV-Tools.pdb' was not found with 'SPIRV-Tools.lib(opcode.obj)' or at 'C:\vulkan_ogldev\bin\SPIRV-Tools.pdb'; linking object as if no debug info
SPIRV-Tools.lib(parsed_operand.obj) : warning LNK4099: PDB 'SPIRV-Tools.pdb' was not found with 'SPIRV-Tools.lib(parsed_operand.obj)' or at 'C:\vulkan_ogldev\bin\SPIRV-Tools.pdb'; linking object as if no debug info
SPIRV-Tools.lib(print.obj) : warning LNK4099: PDB 'SPIRV-Tools.pdb' was not found with 'SPIRV-Tools.lib(print.obj)' or at 'C:\vulkan_ogldev\bin\SPIRV-Tools.pdb'; linking object as if no debug info
SPIRV-Tools.lib(spirv_target_env.obj) : warning LNK4099: PDB 'SPIRV-Tools.pdb' was not found with 'SPIRV-Tools.lib(spirv_target_env.obj)' or at 'C:\vulkan_ogldev\bin\SPIRV-Tools.pdb'; linking object as if no debug info
SPIRV-Tools.lib(extensions.obj) : warning LNK4099: PDB 'SPIRV-Tools.pdb' was not found with 'SPIRV-Tools.lib(extensions.obj)' or at 'C:\vulkan_ogldev\bin\SPIRV-Tools.pdb'; linking object as if no debug info
SPIRV-Tools.lib(function.obj) : warning LNK4099: PDB 'SPIRV-Tools.pdb' was not found with 'SPIRV-Tools.lib(function.obj)' or at 'C:\vulkan_ogldev\bin\SPIRV-Tools.pdb'; linking object as if no debug info
SPIRV-Tools.lib(instruction.obj) : warning LNK4099: PDB 'SPIRV-Tools.pdb' was not found with 'SPIRV-Tools.lib(instruction.obj)' or at 'C:\vulkan_ogldev\bin\SPIRV-Tools.pdb'; linking object as if no debug info
SPIRV-Tools.lib(validation_state.obj) : warning LNK4099: PDB 'SPIRV-Tools.pdb' was not found with 'SPIRV-Tools.lib(validation_state.obj)' or at 'C:\vulkan_ogldev\bin\SPIRV-Tools.pdb'; linking object as if no debug info
SPIRV-Tools.lib(validate_cfg.obj) : warning LNK4099: PDB 'SPIRV-Tools.pdb' was not found with 'SPIRV-Tools.lib(validate_cfg.obj)' or at 'C:\vulkan_ogldev\bin\SPIRV-Tools.pdb'; linking object as if no debug info
SPIRV-Tools.lib(validate_id.obj) : warning LNK4099: PDB 'SPIRV-Tools.pdb' was not found with 'SPIRV-Tools.lib(validate_id.obj)' or at 'C:\vulkan_ogldev\bin\SPIRV-Tools.pdb'; linking object as if no debug info
SPIRV-Tools.lib(validate_adjacency.obj) : warning LNK4099: PDB 'SPIRV-Tools.pdb' was not found with 'SPIRV-Tools.lib(validate_adjacency.obj)' or at 'C:\vulkan_ogldev\bin\SPIRV-Tools.pdb'; linking object as if no debug info
SPIRV-Tools.lib(validate_interfaces.obj) : warning LNK4099: PDB 'SPIRV-Tools.pdb' was not found with 'SPIRV-Tools.lib(validate_interfaces.obj)' or at 'C:\vulkan_ogldev\bin\SPIRV-Tools.pdb'; linking object as if no debug info
SPIRV-Tools.lib(validate_mode_setting.obj) : warning LNK4099: PDB 'SPIRV-Tools.pdb' was not found with 'SPIRV-Tools.lib(validate_mode_setting.obj)' or at 'C:\vulkan_ogldev\bin\SPIRV-Tools.pdb'; linking object as if no debug info
SPIRV-Tools.lib(validate_memory.obj) : warning LNK4099: PDB 'SPIRV-Tools.pdb' was not found with 'SPIRV-Tools.lib(validate_memory.obj)' or at 'C:\vulkan_ogldev\bin\SPIRV-Tools.pdb'; linking object as if no debug info
SPIRV-Tools.lib(validate_layout.obj) : warning LNK4099: PDB 'SPIRV-Tools.pdb' was not found with 'SPIRV-Tools.lib(validate_layout.obj)' or at 'C:\vulkan_ogldev\bin\SPIRV-Tools.pdb'; linking object as if no debug info
SPIRV-Tools.lib(validate_instruction.obj) : warning LNK4099: PDB 'SPIRV-Tools.pdb' was not found with 'SPIRV-Tools.lib(validate_instruction.obj)' or at 'C:\vulkan_ogldev\bin\SPIRV-Tools.pdb'; linking object as if no debug info
SPIRV-Tools.lib(validate_decorations.obj) : warning LNK4099: PDB 'SPIRV-Tools.pdb' was not found with 'SPIRV-Tools.lib(validate_decorations.obj)' or at 'C:\vulkan_ogldev\bin\SPIRV-Tools.pdb'; linking object as if no debug info
SPIRV-Tools.lib(validate_builtins.obj) : warning LNK4099: PDB 'SPIRV-Tools.pdb' was not found with 'SPIRV-Tools.lib(validate_builtins.obj)' or at 'C:\vulkan_ogldev\bin\SPIRV-Tools.pdb'; linking object as if no debug info
SPIRV-Tools.lib(validate_type.obj) : warning LNK4099: PDB 'SPIRV-Tools.pdb' was not found with 'SPIRV-Tools.lib(validate_type.obj)' or at 'C:\vulkan_ogldev\bin\SPIRV-Tools.pdb'; linking object as if no debug info
SPIRV-Tools.lib(validate_constants.obj) : warning LNK4099: PDB 'SPIRV-Tools.pdb' was not found with 'SPIRV-Tools.lib(validate_constants.obj)' or at 'C:\vulkan_ogldev\bin\SPIRV-Tools.pdb'; linking object as if no debug info
SPIRV-Tools.lib(validate_arithmetics.obj) : warning LNK4099: PDB 'SPIRV-Tools.pdb' was not found with 'SPIRV-Tools.lib(validate_arithmetics.obj)' or at 'C:\vulkan_ogldev\bin\SPIRV-Tools.pdb'; linking object as if no debug info
SPIRV-Tools.lib(validate_composites.obj) : warning LNK4099: PDB 'SPIRV-Tools.pdb' was not found with 'SPIRV-Tools.lib(validate_composites.obj)' or at 'C:\vulkan_ogldev\bin\SPIRV-Tools.pdb'; linking object as if no debug info
SPIRV-Tools.lib(validate_conversion.obj) : warning LNK4099: PDB 'SPIRV-Tools.pdb' was not found with 'SPIRV-Tools.lib(validate_conversion.obj)' or at 'C:\vulkan_ogldev\bin\SPIRV-Tools.pdb'; linking object as if no debug info
SPIRV-Tools.lib(validate_derivatives.obj) : warning LNK4099: PDB 'SPIRV-Tools.pdb' was not found with 'SPIRV-Tools.lib(validate_derivatives.obj)' or at 'C:\vulkan_ogldev\bin\SPIRV-Tools.pdb'; linking object as if no debug info
SPIRV-Tools.lib(validate_logicals.obj) : warning LNK4099: PDB 'SPIRV-Tools.pdb' was not found with 'SPIRV-Tools.lib(validate_logicals.obj)' or at 'C:\vulkan_ogldev\bin\SPIRV-Tools.pdb'; linking object as if no debug info
SPIRV-Tools.lib(validate_bitwise.obj) : warning LNK4099: PDB 'SPIRV-Tools.pdb' was not found with 'SPIRV-Tools.lib(validate_bitwise.obj)' or at 'C:\vulkan_ogldev\bin\SPIRV-Tools.pdb'; linking object as if no debug info
SPIRV-Tools.lib(validate_image.obj) : warning LNK4099: PDB 'SPIRV-Tools.pdb' was not found with 'SPIRV-Tools.lib(validate_image.obj)' or at 'C:\vulkan_ogldev\bin\SPIRV-Tools.pdb'; linking object as if no debug info
SPIRV-Tools.lib(validate_atomics.obj) : warning LNK4099: PDB 'SPIRV-Tools.pdb' was not found with 'SPIRV-Tools.lib(validate_atomics.obj)' or at 'C:\vulkan_ogldev\bin\SPIRV-Tools.pdb'; linking object as if no debug info
SPIRV-Tools.lib(validate_barriers.obj) : warning LNK4099: PDB 'SPIRV-Tools.pdb' was not found with 'SPIRV-Tools.lib(validate_barriers.obj)' or at 'C:\vulkan_ogldev\bin\SPIRV-Tools.pdb'; linking object as if no debug info
SPIRV-Tools.lib(validate_literals.obj) : warning LNK4099: PDB 'SPIRV-Tools.pdb' was not found with 'SPIRV-Tools.lib(validate_literals.obj)' or at 'C:\vulkan_ogldev\bin\SPIRV-Tools.pdb'; linking object as if no debug info
SPIRV-Tools.lib(validate_extensions.obj) : warning LNK4099: PDB 'SPIRV-Tools.pdb' was not found with 'SPIRV-Tools.lib(validate_extensions.obj)' or at 'C:\vulkan_ogldev\bin\SPIRV-Tools.pdb'; linking object as if no debug info
SPIRV-Tools.lib(validate_annotation.obj) : warning LNK4099: PDB 'SPIRV-Tools.pdb' was not found with 'SPIRV-Tools.lib(validate_annotation.obj)' or at 'C:\vulkan_ogldev\bin\SPIRV-Tools.pdb'; linking object as if no debug info
SPIRV-Tools.lib(validate_non_uniform.obj) : warning LNK4099: PDB 'SPIRV-Tools.pdb' was not found with 'SPIRV-Tools.lib(validate_non_uniform.obj)' or at 'C:\vulkan_ogldev\bin\SPIRV-Tools.pdb'; linking object as if no debug info
SPIRV-Tools.lib(validate_debug.obj) : warning LNK4099: PDB 'SPIRV-Tools.pdb' was not found with 'SPIRV-Tools.lib(validate_debug.obj)' or at 'C:\vulkan_ogldev\bin\SPIRV-Tools.pdb'; linking object as if no debug info
SPIRV-Tools.lib(validate_capability.obj) : warning LNK4099: PDB 'SPIRV-Tools.pdb' was not found with 'SPIRV-Tools.lib(validate_capability.obj)' or at 'C:\vulkan_ogldev\bin\SPIRV-Tools.pdb'; linking object as if no debug info
SPIRV-Tools.lib(validate_primitives.obj) : warning LNK4099: PDB 'SPIRV-Tools.pdb' was not found with 'SPIRV-Tools.lib(validate_primitives.obj)' or at 'C:\vulkan_ogldev\bin\SPIRV-Tools.pdb'; linking object as if no debug info
SPIRV-Tools.lib(validate_function.obj) : warning LNK4099: PDB 'SPIRV-Tools.pdb' was not found with 'SPIRV-Tools.lib(validate_function.obj)' or at 'C:\vulkan_ogldev\bin\SPIRV-Tools.pdb'; linking object as if no debug info
SPIRV-Tools.lib(validate_misc.obj) : warning LNK4099: PDB 'SPIRV-Tools.pdb' was not found with 'SPIRV-Tools.lib(validate_misc.obj)' or at 'C:\vulkan_ogldev\bin\SPIRV-Tools.pdb'; linking object as if no debug info
SPIRV-Tools.lib(validate_ray_query.obj) : warning LNK4099: PDB 'SPIRV-Tools.pdb' was not found with 'SPIRV-Tools.lib(validate_ray_query.obj)' or at 'C:\vulkan_ogldev\bin\SPIRV-Tools.pdb'; linking object as if no debug info
SPIRV-Tools.lib(validate_ray_tracing.obj) : warning LNK4099: PDB 'SPIRV-Tools.pdb' was not found with 'SPIRV-Tools.lib(validate_ray_tracing.obj)' or at 'C:\vulkan_ogldev\bin\SPIRV-Tools.pdb'; linking object as if no debug info
SPIRV-Tools.lib(validate_ray_tracing_reorder.obj) : warning LNK4099: PDB 'SPIRV-Tools.pdb' was not found with 'SPIRV-Tools.lib(validate_ray_tracing_reorder.obj)' or at 'C:\vulkan_ogldev\bin\SPIRV-Tools.pdb'; linking object as if no debug info
SPIRV-Tools.lib(validate_mesh_shading.obj) : warning LNK4099: PDB 'SPIRV-Tools.pdb' was not found with 'SPIRV-Tools.lib(validate_mesh_shading.obj)' or at 'C:\vulkan_ogldev\bin\SPIRV-Tools.pdb'; linking object as if no debug info
SPIRV-Tools.lib(validate_tensor.obj) : warning LNK4099: PDB 'SPIRV-Tools.pdb' was not found with 'SPIRV-Tools.lib(validate_tensor.obj)' or at 'C:\vulkan_ogldev\bin\SPIRV-Tools.pdb'; linking object as if no debug info
SPIRV-Tools.lib(validate_graph.obj) : warning LNK4099: PDB 'SPIRV-Tools.pdb' was not found with 'SPIRV-Tools.lib(validate_graph.obj)' or at 'C:\vulkan_ogldev\bin\SPIRV-Tools.pdb'; linking object as if no debug info
SPIRV-Tools.lib(validate_invalid_type.obj) : warning LNK4099: PDB 'SPIRV-Tools.pdb' was not found with 'SPIRV-Tools.lib(validate_invalid_type.obj)' or at 'C:\vulkan_ogldev\bin\SPIRV-Tools.pdb'; linking object as if no debug info
SPIRV-Tools.lib(validate_tensor_layout.obj) : warning LNK4099: PDB 'SPIRV-Tools.pdb' was not found with 'SPIRV-Tools.lib(validate_tensor_layout.obj)' or at 'C:\vulkan_ogldev\bin\SPIRV-Tools.pdb'; linking object as if no debug info
SPIRV-Tools.lib(validate_execution_limitations.obj) : warning LNK4099: PDB 'SPIRV-Tools.pdb' was not found with 'SPIRV-Tools.lib(validate_execution_limitations.obj)' or at 'C:\vulkan_ogldev\bin\SPIRV-Tools.pdb'; linking object as if no debug info
SPIRV-Tools.lib(validate_small_type_uses.obj) : warning LNK4099: PDB 'SPIRV-Tools.pdb' was not found with 'SPIRV-Tools.lib(validate_small_type_uses.obj)' or at 'C:\vulkan_ogldev\bin\SPIRV-Tools.pdb'; linking object as if no debug info
SPIRV-Tools.lib(validate_logical_pointers.obj) : warning LNK4099: PDB 'SPIRV-Tools.pdb' was not found with 'SPIRV-Tools.lib(validate_logical_pointers.obj)' or at 'C:\vulkan_ogldev\bin\SPIRV-Tools.pdb'; linking object as if no debug info
SPIRV-Tools.lib(spirv_endian.obj) : warning LNK4099: PDB 'SPIRV-Tools.pdb' was not found with 'SPIRV-Tools.lib(spirv_endian.obj)' or at 'C:\vulkan_ogldev\bin\SPIRV-Tools.pdb'; linking object as if no debug info
SPIRV-Tools.lib(assembly_grammar.obj) : warning LNK4099: PDB 'SPIRV-Tools.pdb' was not found with 'SPIRV-Tools.lib(assembly_grammar.obj)' or at 'C:\vulkan_ogldev\bin\SPIRV-Tools.pdb'; linking object as if no debug info
SPIRV-Tools.lib(text_handler.obj) : warning LNK4099: PDB 'SPIRV-Tools.pdb' was not found with 'SPIRV-Tools.lib(text_handler.obj)' or at 'C:\vulkan_ogldev\bin\SPIRV-Tools.pdb'; linking object as if no debug info
SPIRV-Tools.lib(to_string.obj) : warning LNK4099: PDB 'SPIRV-Tools.pdb' was not found with 'SPIRV-Tools.lib(to_string.obj)' or at 'C:\vulkan_ogldev\bin\SPIRV-Tools.pdb'; linking object as if no debug info
SPIRV-Tools.lib(basic_block.obj) : warning LNK4099: PDB 'SPIRV-Tools.pdb' was not found with 'SPIRV-Tools.lib(basic_block.obj)' or at 'C:\vulkan_ogldev\bin\SPIRV-Tools.pdb'; linking object as if no debug info
SPIRV-Tools.lib(construct.obj) : warning LNK4099: PDB 'SPIRV-Tools.pdb' was not found with 'SPIRV-Tools.lib(construct.obj)' or at 'C:\vulkan_ogldev\bin\SPIRV-Tools.pdb'; linking object as if no debug info
SPIRV-Tools.lib(validate_scopes.obj) : warning LNK4099: PDB 'SPIRV-Tools.pdb' was not found with 'SPIRV-Tools.lib(validate_scopes.obj)' or at 'C:\vulkan_ogldev\bin\SPIRV-Tools.pdb'; linking object as if no debug info
SPIRV-Tools.lib(string_utils.obj) : warning LNK4099: PDB 'SPIRV-Tools.pdb' was not found with 'SPIRV-Tools.lib(string_utils.obj)' or at 'C:\vulkan_ogldev\bin\SPIRV-Tools.pdb'; linking object as if no debug info
SPIRV-Tools.lib(validate_memory_semantics.obj) : warning LNK4099: PDB 'SPIRV-Tools.pdb' was not found with 'SPIRV-Tools.lib(validate_memory_semantics.obj)' or at 'C:\vulkan_ogldev\bin\SPIRV-Tools.pdb'; linking object as if no debug info
SPIRV-Tools.lib(parse_number.obj) : warning LNK4099: PDB 'SPIRV-Tools.pdb' was not found with 'SPIRV-Tools.lib(parse_number.obj)' or at 'C:\vulkan_ogldev\bin\SPIRV-Tools.pdb'; linking object as if no debug info
SPIRV-Tools-opt.lib(optimizer.obj) : warning LNK4099: PDB 'SPIRV-Tools-opt.pdb' was not found with 'SPIRV-Tools-opt.lib(optimizer.obj)' or at 'C:\vulkan_ogldev\bin\SPIRV-Tools-opt.pdb'; linking object as if no debug info
SPIRV-Tools-opt.lib(module.obj) : warning LNK4099: PDB 'SPIRV-Tools-opt.pdb' was not found with 'SPIRV-Tools-opt.lib(module.obj)' or at 'C:\vulkan_ogldev\bin\SPIRV-Tools-opt.pdb'; linking object as if no debug info
SPIRV-Tools-opt.lib(loop_descriptor.obj) : warning LNK4099: PDB 'SPIRV-Tools-opt.pdb' was not found with 'SPIRV-Tools-opt.lib(loop_descriptor.obj)' or at 'C:\vulkan_ogldev\bin\SPIRV-Tools-opt.pdb'; linking object as if no debug info
SPIRV-Tools-opt.lib(pass.obj) : warning LNK4099: PDB 'SPIRV-Tools-opt.pdb' was not found with 'SPIRV-Tools-opt.lib(pass.obj)' or at 'C:\vulkan_ogldev\bin\SPIRV-Tools-opt.pdb'; linking object as if no debug info
SPIRV-Tools-opt.lib(mem_pass.obj) : warning LNK4099: PDB 'SPIRV-Tools-opt.pdb' was not found with 'SPIRV-Tools-opt.lib(mem_pass.obj)' or at 'C:\vulkan_ogldev\bin\SPIRV-Tools-opt.pdb'; linking object as if no debug info
SPIRV-Tools-opt.lib(build_module.obj) : warning LNK4099: PDB 'SPIRV-Tools-opt.pdb' was not found with 'SPIRV-Tools-opt.lib(build_module.obj)' or at 'C:\vulkan_ogldev\bin\SPIRV-Tools-opt.pdb'; linking object as if no debug info
SPIRV-Tools-opt.lib(graphics_robust_access_pass.obj) : warning LNK4099: PDB 'SPIRV-Tools-opt.pdb' was not found with 'SPIRV-Tools-opt.lib(graphics_robust_access_pass.obj)' or at 'C:\vulkan_ogldev\bin\SPIRV-Tools-opt.pdb'; linking object as if no debug info
SPIRV-Tools-opt.lib(pass_manager.obj) : warning LNK4099: PDB 'SPIRV-Tools-opt.pdb' was not found with 'SPIRV-Tools-opt.lib(pass_manager.obj)' or at 'C:\vulkan_ogldev\bin\SPIRV-Tools-opt.pdb'; linking object as if no debug info
SPIRV-Tools-opt.lib(aggressive_dead_code_elim_pass.obj) : warning LNK4099: PDB 'SPIRV-Tools-opt.pdb' was not found with 'SPIRV-Tools-opt.lib(aggressive_dead_code_elim_pass.obj)' or at 'C:\vulkan_ogldev\bin\SPIRV-Tools-opt.pdb'; linking object as if no debug info
SPIRV-Tools-opt.lib(amd_ext_to_khr.obj) : warning LNK4099: PDB 'SPIRV-Tools-opt.pdb' was not found with 'SPIRV-Tools-opt.lib(amd_ext_to_khr.obj)' or at 'C:\vulkan_ogldev\bin\SPIRV-Tools-opt.pdb'; linking object as if no debug info
SPIRV-Tools-opt.lib(analyze_live_input_pass.obj) : warning LNK4099: PDB 'SPIRV-Tools-opt.pdb' was not found with 'SPIRV-Tools-opt.lib(analyze_live_input_pass.obj)' or at 'C:\vulkan_ogldev\bin\SPIRV-Tools-opt.pdb'; linking object as if no debug info
SPIRV-Tools-opt.lib(block_merge_pass.obj) : warning LNK4099: PDB 'SPIRV-Tools-opt.pdb' was not found with 'SPIRV-Tools-opt.lib(block_merge_pass.obj)' or at 'C:\vulkan_ogldev\bin\SPIRV-Tools-opt.pdb'; linking object as if no debug info
SPIRV-Tools-opt.lib(canonicalize_ids_pass.obj) : warning LNK4099: PDB 'SPIRV-Tools-opt.pdb' was not found with 'SPIRV-Tools-opt.lib(canonicalize_ids_pass.obj)' or at 'C:\vulkan_ogldev\bin\SPIRV-Tools-opt.pdb'; linking object as if no debug info
SPIRV-Tools-opt.lib(ccp_pass.obj) : warning LNK4099: PDB 'SPIRV-Tools-opt.pdb' was not found with 'SPIRV-Tools-opt.lib(ccp_pass.obj)' or at 'C:\vulkan_ogldev\bin\SPIRV-Tools-opt.pdb'; linking object as if no debug info
SPIRV-Tools-opt.lib(cfg_cleanup_pass.obj) : warning LNK4099: PDB 'SPIRV-Tools-opt.pdb' was not found with 'SPIRV-Tools-opt.lib(cfg_cleanup_pass.obj)' or at 'C:\vulkan_ogldev\bin\SPIRV-Tools-opt.pdb'; linking object as if no debug info
SPIRV-Tools-opt.lib(code_sink.obj) : warning LNK4099: PDB 'SPIRV-Tools-opt.pdb' was not found with 'SPIRV-Tools-opt.lib(code_sink.obj)' or at 'C:\vulkan_ogldev\bin\SPIRV-Tools-opt.pdb'; linking object as if no debug info
SPIRV-Tools-opt.lib(combine_access_chains.obj) : warning LNK4099: PDB 'SPIRV-Tools-opt.pdb' was not found with 'SPIRV-Tools-opt.lib(combine_access_chains.obj)' or at 'C:\vulkan_ogldev\bin\SPIRV-Tools-opt.pdb'; linking object as if no debug info
SPIRV-Tools-opt.lib(compact_ids_pass.obj) : warning LNK4099: PDB 'SPIRV-Tools-opt.pdb' was not found with 'SPIRV-Tools-opt.lib(compact_ids_pass.obj)' or at 'C:\vulkan_ogldev\bin\SPIRV-Tools-opt.pdb'; linking object as if no debug info
SPIRV-Tools-opt.lib(convert_to_half_pass.obj) : warning LNK4099: PDB 'SPIRV-Tools-opt.pdb' was not found with 'SPIRV-Tools-opt.lib(convert_to_half_pass.obj)' or at 'C:\vulkan_ogldev\bin\SPIRV-Tools-opt.pdb'; linking object as if no debug info
SPIRV-Tools-opt.lib(convert_to_sampled_image_pass.obj) : warning LNK4099: PDB 'SPIRV-Tools-opt.pdb' was not found with 'SPIRV-Tools-opt.lib(convert_to_sampled_image_pass.obj)' or at 'C:\vulkan_ogldev\bin\SPIRV-Tools-opt.pdb'; linking object as if no debug info
SPIRV-Tools-opt.lib(copy_prop_arrays.obj) : warning LNK4099: PDB 'SPIRV-Tools-opt.pdb' was not found with 'SPIRV-Tools-opt.lib(copy_prop_arrays.obj)' or at 'C:\vulkan_ogldev\bin\SPIRV-Tools-opt.pdb'; linking object as if no debug info
SPIRV-Tools-opt.lib(dead_branch_elim_pass.obj) : warning LNK4099: PDB 'SPIRV-Tools-opt.pdb' was not found with 'SPIRV-Tools-opt.lib(dead_branch_elim_pass.obj)' or at 'C:\vulkan_ogldev\bin\SPIRV-Tools-opt.pdb'; linking object as if no debug info
SPIRV-Tools-opt.lib(dead_insert_elim_pass.obj) : warning LNK4099: PDB 'SPIRV-Tools-opt.pdb' was not found with 'SPIRV-Tools-opt.lib(dead_insert_elim_pass.obj)' or at 'C:\vulkan_ogldev\bin\SPIRV-Tools-opt.pdb'; linking object as if no debug info
SPIRV-Tools-opt.lib(dead_variable_elimination.obj) : warning LNK4099: PDB 'SPIRV-Tools-opt.pdb' was not found with 'SPIRV-Tools-opt.lib(dead_variable_elimination.obj)' or at 'C:\vulkan_ogldev\bin\SPIRV-Tools-opt.pdb'; linking object as if no debug info
SPIRV-Tools-opt.lib(desc_sroa.obj) : warning LNK4099: PDB 'SPIRV-Tools-opt.pdb' was not found with 'SPIRV-Tools-opt.lib(desc_sroa.obj)' or at 'C:\vulkan_ogldev\bin\SPIRV-Tools-opt.pdb'; linking object as if no debug info
SPIRV-Tools-opt.lib(eliminate_dead_constant_pass.obj) : warning LNK4099: PDB 'SPIRV-Tools-opt.pdb' was not found with 'SPIRV-Tools-opt.lib(eliminate_dead_constant_pass.obj)' or at 'C:\vulkan_ogldev\bin\SPIRV-Tools-opt.pdb'; linking object as if no debug info
SPIRV-Tools-opt.lib(eliminate_dead_functions_pass.obj) : warning LNK4099: PDB 'SPIRV-Tools-opt.pdb' was not found with 'SPIRV-Tools-opt.lib(eliminate_dead_functions_pass.obj)' or at 'C:\vulkan_ogldev\bin\SPIRV-Tools-opt.pdb'; linking object as if no debug info
SPIRV-Tools-opt.lib(eliminate_dead_io_components_pass.obj) : warning LNK4099: PDB 'SPIRV-Tools-opt.pdb' was not found with 'SPIRV-Tools-opt.lib(eliminate_dead_io_components_pass.obj)' or at 'C:\vulkan_ogldev\bin\SPIRV-Tools-opt.pdb'; linking object as if no debug info
SPIRV-Tools-opt.lib(eliminate_dead_members_pass.obj) : warning LNK4099: PDB 'SPIRV-Tools-opt.pdb' was not found with 'SPIRV-Tools-opt.lib(eliminate_dead_members_pass.obj)' or at 'C:\vulkan_ogldev\bin\SPIRV-Tools-opt.pdb'; linking object as if no debug info
SPIRV-Tools-opt.lib(eliminate_dead_output_stores_pass.obj) : warning LNK4099: PDB 'SPIRV-Tools-opt.pdb' was not found with 'SPIRV-Tools-opt.lib(eliminate_dead_output_stores_pass.obj)' or at 'C:\vulkan_ogldev\bin\SPIRV-Tools-opt.pdb'; linking object as if no debug info
SPIRV-Tools-opt.lib(fix_func_call_arguments.obj) : warning LNK4099: PDB 'SPIRV-Tools-opt.pdb' was not found with 'SPIRV-Tools-opt.lib(fix_func_call_arguments.obj)' or at 'C:\vulkan_ogldev\bin\SPIRV-Tools-opt.pdb'; linking object as if no debug info
SPIRV-Tools-opt.lib(fix_storage_class.obj) : warning LNK4099: PDB 'SPIRV-Tools-opt.pdb' was not found with 'SPIRV-Tools-opt.lib(fix_storage_class.obj)' or at 'C:\vulkan_ogldev\bin\SPIRV-Tools-opt.pdb'; linking object as if no debug info
SPIRV-Tools-opt.lib(flatten_decoration_pass.obj) : warning LNK4099: PDB 'SPIRV-Tools-opt.pdb' was not found with 'SPIRV-Tools-opt.lib(flatten_decoration_pass.obj)' or at 'C:\vulkan_ogldev\bin\SPIRV-Tools-opt.pdb'; linking object as if no debug info
SPIRV-Tools-opt.lib(fold_spec_constant_op_and_composite_pass.obj) : warning LNK4099: PDB 'SPIRV-Tools-opt.pdb' was not found with 'SPIRV-Tools-opt.lib(fold_spec_constant_op_and_composite_pass.obj)' or at 'C:\vulkan_ogldev\bin\SPIRV-Tools-opt.pdb'; linking object as if no debug info
SPIRV-Tools-opt.lib(freeze_spec_constant_value_pass.obj) : warning LNK4099: PDB 'SPIRV-Tools-opt.pdb' was not found with 'SPIRV-Tools-opt.lib(freeze_spec_constant_value_pass.obj)' or at 'C:\vulkan_ogldev\bin\SPIRV-Tools-opt.pdb'; linking object as if no debug info
SPIRV-Tools-opt.lib(if_conversion.obj) : warning LNK4099: PDB 'SPIRV-Tools-opt.pdb' was not found with 'SPIRV-Tools-opt.lib(if_conversion.obj)' or at 'C:\vulkan_ogldev\bin\SPIRV-Tools-opt.pdb'; linking object as if no debug info
SPIRV-Tools-opt.lib(inline_exhaustive_pass.obj) : warning LNK4099: PDB 'SPIRV-Tools-opt.pdb' was not found with 'SPIRV-Tools-opt.lib(inline_exhaustive_pass.obj)' or at 'C:\vulkan_ogldev\bin\SPIRV-Tools-opt.pdb'; linking object as if no debug info
SPIRV-Tools-opt.lib(inline_opaque_pass.obj) : warning LNK4099: PDB 'SPIRV-Tools-opt.pdb' was not found with 'SPIRV-Tools-opt.lib(inline_opaque_pass.obj)' or at 'C:\vulkan_ogldev\bin\SPIRV-Tools-opt.pdb'; linking object as if no debug info
SPIRV-Tools-opt.lib(interface_var_sroa.obj) : warning LNK4099: PDB 'SPIRV-Tools-opt.pdb' was not found with 'SPIRV-Tools-opt.lib(interface_var_sroa.obj)' or at 'C:\vulkan_ogldev\bin\SPIRV-Tools-opt.pdb'; linking object as if no debug info
SPIRV-Tools-opt.lib(interp_fixup_pass.obj) : warning LNK4099: PDB 'SPIRV-Tools-opt.pdb' was not found with 'SPIRV-Tools-opt.lib(interp_fixup_pass.obj)' or at 'C:\vulkan_ogldev\bin\SPIRV-Tools-opt.pdb'; linking object as if no debug info
SPIRV-Tools-opt.lib(invocation_interlock_placement_pass.obj) : warning LNK4099: PDB 'SPIRV-Tools-opt.pdb' was not found with 'SPIRV-Tools-opt.lib(invocation_interlock_placement_pass.obj)' or at 'C:\vulkan_ogldev\bin\SPIRV-Tools-opt.pdb'; linking object as if no debug info
SPIRV-Tools-opt.lib(licm_pass.obj) : warning LNK4099: PDB 'SPIRV-Tools-opt.pdb' was not found with 'SPIRV-Tools-opt.lib(licm_pass.obj)' or at 'C:\vulkan_ogldev\bin\SPIRV-Tools-opt.pdb'; linking object as if no debug info
SPIRV-Tools-opt.lib(local_access_chain_convert_pass.obj) : warning LNK4099: PDB 'SPIRV-Tools-opt.pdb' was not found with 'SPIRV-Tools-opt.lib(local_access_chain_convert_pass.obj)' or at 'C:\vulkan_ogldev\bin\SPIRV-Tools-opt.pdb'; linking object as if no debug info
SPIRV-Tools-opt.lib(local_redundancy_elimination.obj) : warning LNK4099: PDB 'SPIRV-Tools-opt.pdb' was not found with 'SPIRV-Tools-opt.lib(local_redundancy_elimination.obj)' or at 'C:\vulkan_ogldev\bin\SPIRV-Tools-opt.pdb'; linking object as if no debug info
SPIRV-Tools-opt.lib(local_single_block_elim_pass.obj) : warning LNK4099: PDB 'SPIRV-Tools-opt.pdb' was not found with 'SPIRV-Tools-opt.lib(local_single_block_elim_pass.obj)' or at 'C:\vulkan_ogldev\bin\SPIRV-Tools-opt.pdb'; linking object as if no debug info
SPIRV-Tools-opt.lib(local_single_store_elim_pass.obj) : warning LNK4099: PDB 'SPIRV-Tools-opt.pdb' was not found with 'SPIRV-Tools-opt.lib(local_single_store_elim_pass.obj)' or at 'C:\vulkan_ogldev\bin\SPIRV-Tools-opt.pdb'; linking object as if no debug info
SPIRV-Tools-opt.lib(loop_fission.obj) : warning LNK4099: PDB 'SPIRV-Tools-opt.pdb' was not found with 'SPIRV-Tools-opt.lib(loop_fission.obj)' or at 'C:\vulkan_ogldev\bin\SPIRV-Tools-opt.pdb'; linking object as if no debug info
SPIRV-Tools-opt.lib(loop_fusion_pass.obj) : warning LNK4099: PDB 'SPIRV-Tools-opt.pdb' was not found with 'SPIRV-Tools-opt.lib(loop_fusion_pass.obj)' or at 'C:\vulkan_ogldev\bin\SPIRV-Tools-opt.pdb'; linking object as if no debug info
SPIRV-Tools-opt.lib(loop_peeling.obj) : warning LNK4099: PDB 'SPIRV-Tools-opt.pdb' was not found with 'SPIRV-Tools-opt.lib(loop_peeling.obj)' or at 'C:\vulkan_ogldev\bin\SPIRV-Tools-opt.pdb'; linking object as if no debug info
SPIRV-Tools-opt.lib(loop_unroller.obj) : warning LNK4099: PDB 'SPIRV-Tools-opt.pdb' was not found with 'SPIRV-Tools-opt.lib(loop_unroller.obj)' or at 'C:\vulkan_ogldev\bin\SPIRV-Tools-opt.pdb'; linking object as if no debug info
SPIRV-Tools-opt.lib(loop_unswitch_pass.obj) : warning LNK4099: PDB 'SPIRV-Tools-opt.pdb' was not found with 'SPIRV-Tools-opt.lib(loop_unswitch_pass.obj)' or at 'C:\vulkan_ogldev\bin\SPIRV-Tools-opt.pdb'; linking object as if no debug info
SPIRV-Tools-opt.lib(merge_return_pass.obj) : warning LNK4099: PDB 'SPIRV-Tools-opt.pdb' was not found with 'SPIRV-Tools-opt.lib(merge_return_pass.obj)' or at 'C:\vulkan_ogldev\bin\SPIRV-Tools-opt.pdb'; linking object as if no debug info
SPIRV-Tools-opt.lib(modify_maximal_reconvergence.obj) : warning LNK4099: PDB 'SPIRV-Tools-opt.pdb' was not found with 'SPIRV-Tools-opt.lib(modify_maximal_reconvergence.obj)' or at 'C:\vulkan_ogldev\bin\SPIRV-Tools-opt.pdb'; linking object as if no debug info
SPIRV-Tools-opt.lib(opextinst_forward_ref_fixup_pass.obj) : warning LNK4099: PDB 'SPIRV-Tools-opt.pdb' was not found with 'SPIRV-Tools-opt.lib(opextinst_forward_ref_fixup_pass.obj)' or at 'C:\vulkan_ogldev\bin\SPIRV-Tools-opt.pdb'; linking object as if no debug info
SPIRV-Tools-opt.lib(private_to_local_pass.obj) : warning LNK4099: PDB 'SPIRV-Tools-opt.pdb' was not found with 'SPIRV-Tools-opt.lib(private_to_local_pass.obj)' or at 'C:\vulkan_ogldev\bin\SPIRV-Tools-opt.pdb'; linking object as if no debug info
SPIRV-Tools-opt.lib(reduce_load_size.obj) : warning LNK4099: PDB 'SPIRV-Tools-opt.pdb' was not found with 'SPIRV-Tools-opt.lib(reduce_load_size.obj)' or at 'C:\vulkan_ogldev\bin\SPIRV-Tools-opt.pdb'; linking object as if no debug info
SPIRV-Tools-opt.lib(redundancy_elimination.obj) : warning LNK4099: PDB 'SPIRV-Tools-opt.pdb' was not found with 'SPIRV-Tools-opt.lib(redundancy_elimination.obj)' or at 'C:\vulkan_ogldev\bin\SPIRV-Tools-opt.pdb'; linking object as if no debug info
SPIRV-Tools-opt.lib(relax_float_ops_pass.obj) : warning LNK4099: PDB 'SPIRV-Tools-opt.pdb' was not found with 'SPIRV-Tools-opt.lib(relax_float_ops_pass.obj)' or at 'C:\vulkan_ogldev\bin\SPIRV-Tools-opt.pdb'; linking object as if no debug info
SPIRV-Tools-opt.lib(remove_dontinline_pass.obj) : warning LNK4099: PDB 'SPIRV-Tools-opt.pdb' was not found with 'SPIRV-Tools-opt.lib(remove_dontinline_pass.obj)' or at 'C:\vulkan_ogldev\bin\SPIRV-Tools-opt.pdb'; linking object as if no debug info
SPIRV-Tools-opt.lib(remove_duplicates_pass.obj) : warning LNK4099: PDB 'SPIRV-Tools-opt.pdb' was not found with 'SPIRV-Tools-opt.lib(remove_duplicates_pass.obj)' or at 'C:\vulkan_ogldev\bin\SPIRV-Tools-opt.pdb'; linking object as if no debug info
SPIRV-Tools-opt.lib(remove_unused_interface_variables_pass.obj) : warning LNK4099: PDB 'SPIRV-Tools-opt.pdb' was not found with 'SPIRV-Tools-opt.lib(remove_unused_interface_variables_pass.obj)' or at 'C:\vulkan_ogldev\bin\SPIRV-Tools-opt.pdb'; linking object as if no debug info
SPIRV-Tools-opt.lib(replace_desc_array_access_using_var_index.obj) : warning LNK4099: PDB 'SPIRV-Tools-opt.pdb' was not found with 'SPIRV-Tools-opt.lib(replace_desc_array_access_using_var_index.obj)' or at 'C:\vulkan_ogldev\bin\SPIRV-Tools-opt.pdb'; linking object as if no debug info
SPIRV-Tools-opt.lib(replace_invalid_opc.obj) : warning LNK4099: PDB 'SPIRV-Tools-opt.pdb' was not found with 'SPIRV-Tools-opt.lib(replace_invalid_opc.obj)' or at 'C:\vulkan_ogldev\bin\SPIRV-Tools-opt.pdb'; linking object as if no debug info
SPIRV-Tools-opt.lib(resolve_binding_conflicts_pass.obj) : warning LNK4099: PDB 'SPIRV-Tools-opt.pdb' was not found with 'SPIRV-Tools-opt.lib(resolve_binding_conflicts_pass.obj)' or at 'C:\vulkan_ogldev\bin\SPIRV-Tools-opt.pdb'; linking object as if no debug info
SPIRV-Tools-opt.lib(scalar_replacement_pass.obj) : warning LNK4099: PDB 'SPIRV-Tools-opt.pdb' was not found with 'SPIRV-Tools-opt.lib(scalar_replacement_pass.obj)' or at 'C:\vulkan_ogldev\bin\SPIRV-Tools-opt.pdb'; linking object as if no debug info
SPIRV-Tools-opt.lib(set_spec_constant_default_value_pass.obj) : warning LNK4099: PDB 'SPIRV-Tools-opt.pdb' was not found with 'SPIRV-Tools-opt.lib(set_spec_constant_default_value_pass.obj)' or at 'C:\vulkan_ogldev\bin\SPIRV-Tools-opt.pdb'; linking object as if no debug info
SPIRV-Tools-opt.lib(simplification_pass.obj) : warning LNK4099: PDB 'SPIRV-Tools-opt.pdb' was not found with 'SPIRV-Tools-opt.lib(simplification_pass.obj)' or at 'C:\vulkan_ogldev\bin\SPIRV-Tools-opt.pdb'; linking object as if no debug info
SPIRV-Tools-opt.lib(split_combined_image_sampler_pass.obj) : warning LNK4099: PDB 'SPIRV-Tools-opt.pdb' was not found with 'SPIRV-Tools-opt.lib(split_combined_image_sampler_pass.obj)' or at 'C:\vulkan_ogldev\bin\SPIRV-Tools-opt.pdb'; linking object as if no debug info
SPIRV-Tools-opt.lib(spread_volatile_semantics.obj) : warning LNK4099: PDB 'SPIRV-Tools-opt.pdb' was not found with 'SPIRV-Tools-opt.lib(spread_volatile_semantics.obj)' or at 'C:\vulkan_ogldev\bin\SPIRV-Tools-opt.pdb'; linking object as if no debug info
SPIRV-Tools-opt.lib(ssa_rewrite_pass.obj) : warning LNK4099: PDB 'SPIRV-Tools-opt.pdb' was not found with 'SPIRV-Tools-opt.lib(ssa_rewrite_pass.obj)' or at 'C:\vulkan_ogldev\bin\SPIRV-Tools-opt.pdb'; linking object as if no debug info
SPIRV-Tools-opt.lib(strength_reduction_pass.obj) : warning LNK4099: PDB 'SPIRV-Tools-opt.pdb' was not found with 'SPIRV-Tools-opt.lib(strength_reduction_pass.obj)' or at 'C:\vulkan_ogldev\bin\SPIRV-Tools-opt.pdb'; linking object as if no debug info
SPIRV-Tools-opt.lib(strip_debug_info_pass.obj) : warning LNK4099: PDB 'SPIRV-Tools-opt.pdb' was not found with 'SPIRV-Tools-opt.lib(strip_debug_info_pass.obj)' or at 'C:\vulkan_ogldev\bin\SPIRV-Tools-opt.pdb'; linking object as if no debug info
SPIRV-Tools-opt.lib(strip_nonsemantic_info_pass.obj) : warning LNK4099: PDB 'SPIRV-Tools-opt.pdb' was not found with 'SPIRV-Tools-opt.lib(strip_nonsemantic_info_pass.obj)' or at 'C:\vulkan_ogldev\bin\SPIRV-Tools-opt.pdb'; linking object as if no debug info
SPIRV-Tools-opt.lib(struct_packing_pass.obj) : warning LNK4099: PDB 'SPIRV-Tools-opt.pdb' was not found with 'SPIRV-Tools-opt.lib(struct_packing_pass.obj)' or at 'C:\vulkan_ogldev\bin\SPIRV-Tools-opt.pdb'; linking object as if no debug info
SPIRV-Tools-opt.lib(switch_descriptorset_pass.obj) : warning LNK4099: PDB 'SPIRV-Tools-opt.pdb' was not found with 'SPIRV-Tools-opt.lib(switch_descriptorset_pass.obj)' or at 'C:\vulkan_ogldev\bin\SPIRV-Tools-opt.pdb'; linking object as if no debug info
SPIRV-Tools-opt.lib(trim_capabilities_pass.obj) : warning LNK4099: PDB 'SPIRV-Tools-opt.pdb' was not found with 'SPIRV-Tools-opt.lib(trim_capabilities_pass.obj)' or at 'C:\vulkan_ogldev\bin\SPIRV-Tools-opt.pdb'; linking object as if no debug info
SPIRV-Tools-opt.lib(unify_const_pass.obj) : warning LNK4099: PDB 'SPIRV-Tools-opt.pdb' was not found with 'SPIRV-Tools-opt.lib(unify_const_pass.obj)' or at 'C:\vulkan_ogldev\bin\SPIRV-Tools-opt.pdb'; linking object as if no debug info
SPIRV-Tools-opt.lib(upgrade_memory_model.obj) : warning LNK4099: PDB 'SPIRV-Tools-opt.pdb' was not found with 'SPIRV-Tools-opt.lib(upgrade_memory_model.obj)' or at 'C:\vulkan_ogldev\bin\SPIRV-Tools-opt.pdb'; linking object as if no debug info
SPIRV-Tools-opt.lib(vector_dce.obj) : warning LNK4099: PDB 'SPIRV-Tools-opt.pdb' was not found with 'SPIRV-Tools-opt.lib(vector_dce.obj)' or at 'C:\vulkan_ogldev\bin\SPIRV-Tools-opt.pdb'; linking object as if no debug info
SPIRV-Tools-opt.lib(workaround1209.obj) : warning LNK4099: PDB 'SPIRV-Tools-opt.pdb' was not found with 'SPIRV-Tools-opt.lib(workaround1209.obj)' or at 'C:\vulkan_ogldev\bin\SPIRV-Tools-opt.pdb'; linking object as if no debug info
SPIRV-Tools-opt.lib(wrap_opkill.obj) : warning LNK4099: PDB 'SPIRV-Tools-opt.pdb' was not found with 'SPIRV-Tools-opt.lib(wrap_opkill.obj)' or at 'C:\vulkan_ogldev\bin\SPIRV-Tools-opt.pdb'; linking object as if no debug info
SPIRV-Tools-opt.lib(pch_source_opt.obj) : warning LNK4099: PDB 'SPIRV-Tools-opt.pdb' was not found with 'SPIRV-Tools-opt.lib(pch_source_opt.obj)' or at 'C:\vulkan_ogldev\bin\SPIRV-Tools-opt.pdb'; linking object as if no debug info
SPIRV-Tools-opt.lib(instruction.obj) : warning LNK4099: PDB 'SPIRV-Tools-opt.pdb' was not found with 'SPIRV-Tools-opt.lib(instruction.obj)' or at 'C:\vulkan_ogldev\bin\SPIRV-Tools-opt.pdb'; linking object as if no debug info
SPIRV-Tools-opt.lib(function.obj) : warning LNK4099: PDB 'SPIRV-Tools-opt.pdb' was not found with 'SPIRV-Tools-opt.lib(function.obj)' or at 'C:\vulkan_ogldev\bin\SPIRV-Tools-opt.pdb'; linking object as if no debug info
SPIRV-Tools-opt.lib(graph.obj) : warning LNK4099: PDB 'SPIRV-Tools-opt.pdb' was not found with 'SPIRV-Tools-opt.lib(graph.obj)' or at 'C:\vulkan_ogldev\bin\SPIRV-Tools-opt.pdb'; linking object as if no debug info
SPIRV-Tools-opt.lib(types.obj) : warning LNK4099: PDB 'SPIRV-Tools-opt.pdb' was not found with 'SPIRV-Tools-opt.lib(types.obj)' or at 'C:\vulkan_ogldev\bin\SPIRV-Tools-opt.pdb'; linking object as if no debug info
SPIRV-Tools-opt.lib(type_manager.obj) : warning LNK4099: PDB 'SPIRV-Tools-opt.pdb' was not found with 'SPIRV-Tools-opt.lib(type_manager.obj)' or at 'C:\vulkan_ogldev\bin\SPIRV-Tools-opt.pdb'; linking object as if no debug info
SPIRV-Tools-opt.lib(feature_manager.obj) : warning LNK4099: PDB 'SPIRV-Tools-opt.pdb' was not found with 'SPIRV-Tools-opt.lib(feature_manager.obj)' or at 'C:\vulkan_ogldev\bin\SPIRV-Tools-opt.pdb'; linking object as if no debug info
SPIRV-Tools-opt.lib(basic_block.obj) : warning LNK4099: PDB 'SPIRV-Tools-opt.pdb' was not found with 'SPIRV-Tools-opt.lib(basic_block.obj)' or at 'C:\vulkan_ogldev\bin\SPIRV-Tools-opt.pdb'; linking object as if no debug info
SPIRV-Tools-opt.lib(def_use_manager.obj) : warning LNK4099: PDB 'SPIRV-Tools-opt.pdb' was not found with 'SPIRV-Tools-opt.lib(def_use_manager.obj)' or at 'C:\vulkan_ogldev\bin\SPIRV-Tools-opt.pdb'; linking object as if no debug info
SPIRV-Tools-opt.lib(cfg.obj) : warning LNK4099: PDB 'SPIRV-Tools-opt.pdb' was not found with 'SPIRV-Tools-opt.lib(cfg.obj)' or at 'C:\vulkan_ogldev\bin\SPIRV-Tools-opt.pdb'; linking object as if no debug info
SPIRV-Tools-opt.lib(constants.obj) : warning LNK4099: PDB 'SPIRV-Tools-opt.pdb' was not found with 'SPIRV-Tools-opt.lib(constants.obj)' or at 'C:\vulkan_ogldev\bin\SPIRV-Tools-opt.pdb'; linking object as if no debug info
SPIRV-Tools-opt.lib(dominator_tree.obj) : warning LNK4099: PDB 'SPIRV-Tools-opt.pdb' was not found with 'SPIRV-Tools-opt.lib(dominator_tree.obj)' or at 'C:\vulkan_ogldev\bin\SPIRV-Tools-opt.pdb'; linking object as if no debug info
SPIRV-Tools-opt.lib(ir_context.obj) : warning LNK4099: PDB 'SPIRV-Tools-opt.pdb' was not found with 'SPIRV-Tools-opt.lib(ir_context.obj)' or at 'C:\vulkan_ogldev\bin\SPIRV-Tools-opt.pdb'; linking object as if no debug info
SPIRV-Tools-opt.lib(instruction_list.obj) : warning LNK4099: PDB 'SPIRV-Tools-opt.pdb' was not found with 'SPIRV-Tools-opt.lib(instruction_list.obj)' or at 'C:\vulkan_ogldev\bin\SPIRV-Tools-opt.pdb'; linking object as if no debug info
SPIRV-Tools-opt.lib(ir_loader.obj) : warning LNK4099: PDB 'SPIRV-Tools-opt.pdb' was not found with 'SPIRV-Tools-opt.lib(ir_loader.obj)' or at 'C:\vulkan_ogldev\bin\SPIRV-Tools-opt.pdb'; linking object as if no debug info
SPIRV-Tools-opt.lib(decoration_manager.obj) : warning LNK4099: PDB 'SPIRV-Tools-opt.pdb' was not found with 'SPIRV-Tools-opt.lib(decoration_manager.obj)' or at 'C:\vulkan_ogldev\bin\SPIRV-Tools-opt.pdb'; linking object as if no debug info
SPIRV-Tools-opt.lib(debug_info_manager.obj) : warning LNK4099: PDB 'SPIRV-Tools-opt.pdb' was not found with 'SPIRV-Tools-opt.lib(debug_info_manager.obj)' or at 'C:\vulkan_ogldev\bin\SPIRV-Tools-opt.pdb'; linking object as if no debug info
SPIRV-Tools-opt.lib(struct_cfg_analysis.obj) : warning LNK4099: PDB 'SPIRV-Tools-opt.pdb' was not found with 'SPIRV-Tools-opt.lib(struct_cfg_analysis.obj)' or at 'C:\vulkan_ogldev\bin\SPIRV-Tools-opt.pdb'; linking object as if no debug info
SPIRV-Tools-opt.lib(eliminate_dead_functions_util.obj) : warning LNK4099: PDB 'SPIRV-Tools-opt.pdb' was not found with 'SPIRV-Tools-opt.lib(eliminate_dead_functions_util.obj)' or at 'C:\vulkan_ogldev\bin\SPIRV-Tools-opt.pdb'; linking object as if no debug info
SPIRV-Tools-opt.lib(const_folding_rules.obj) : warning LNK4099: PDB 'SPIRV-Tools-opt.pdb' was not found with 'SPIRV-Tools-opt.lib(const_folding_rules.obj)' or at 'C:\vulkan_ogldev\bin\SPIRV-Tools-opt.pdb'; linking object as if no debug info
SPIRV-Tools-opt.lib(folding_rules.obj) : warning LNK4099: PDB 'SPIRV-Tools-opt.pdb' was not found with 'SPIRV-Tools-opt.lib(folding_rules.obj)' or at 'C:\vulkan_ogldev\bin\SPIRV-Tools-opt.pdb'; linking object as if no debug info
SPIRV-Tools-opt.lib(fold.obj) : warning LNK4099: PDB 'SPIRV-Tools-opt.pdb' was not found with 'SPIRV-Tools-opt.lib(fold.obj)' or at 'C:\vulkan_ogldev\bin\SPIRV-Tools-opt.pdb'; linking object as if no debug info
SPIRV-Tools-opt.lib(liveness.obj) : warning LNK4099: PDB 'SPIRV-Tools-opt.pdb' was not found with 'SPIRV-Tools-opt.lib(liveness.obj)' or at 'C:\vulkan_ogldev\bin\SPIRV-Tools-opt.pdb'; linking object as if no debug info
SPIRV-Tools-opt.lib(block_merge_util.obj) : warning LNK4099: PDB 'SPIRV-Tools-opt.pdb' was not found with 'SPIRV-Tools-opt.lib(block_merge_util.obj)' or at 'C:\vulkan_ogldev\bin\SPIRV-Tools-opt.pdb'; linking object as if no debug info
SPIRV-Tools-opt.lib(propagator.obj) : warning LNK4099: PDB 'SPIRV-Tools-opt.pdb' was not found with 'SPIRV-Tools-opt.lib(propagator.obj)' or at 'C:\vulkan_ogldev\bin\SPIRV-Tools-opt.pdb'; linking object as if no debug info
SPIRV-Tools-opt.lib(dominator_analysis.obj) : warning LNK4099: PDB 'SPIRV-Tools-opt.pdb' was not found with 'SPIRV-Tools-opt.lib(dominator_analysis.obj)' or at 'C:\vulkan_ogldev\bin\SPIRV-Tools-opt.pdb'; linking object as if no debug info
SPIRV-Tools-opt.lib(composite.obj) : warning LNK4099: PDB 'SPIRV-Tools-opt.pdb' was not found with 'SPIRV-Tools-opt.lib(composite.obj)' or at 'C:\vulkan_ogldev\bin\SPIRV-Tools-opt.pdb'; linking object as if no debug info
SPIRV-Tools-opt.lib(desc_sroa_util.obj) : warning LNK4099: PDB 'SPIRV-Tools-opt.pdb' was not found with 'SPIRV-Tools-opt.lib(desc_sroa_util.obj)' or at 'C:\vulkan_ogldev\bin\SPIRV-Tools-opt.pdb'; linking object as if no debug info
SPIRV-Tools-opt.lib(value_number_table.obj) : warning LNK4099: PDB 'SPIRV-Tools-opt.pdb' was not found with 'SPIRV-Tools-opt.lib(value_number_table.obj)' or at 'C:\vulkan_ogldev\bin\SPIRV-Tools-opt.pdb'; linking object as if no debug info
SPIRV-Tools-opt.lib(inline_pass.obj) : warning LNK4099: PDB 'SPIRV-Tools-opt.pdb' was not found with 'SPIRV-Tools-opt.lib(inline_pass.obj)' or at 'C:\vulkan_ogldev\bin\SPIRV-Tools-opt.pdb'; linking object as if no debug info
SPIRV-Tools-opt.lib(register_pressure.obj) : warning LNK4099: PDB 'SPIRV-Tools-opt.pdb' was not found with 'SPIRV-Tools-opt.lib(register_pressure.obj)' or at 'C:\vulkan_ogldev\bin\SPIRV-Tools-opt.pdb'; linking object as if no debug info
SPIRV-Tools-opt.lib(scalar_analysis.obj) : warning LNK4099: PDB 'SPIRV-Tools-opt.pdb' was not found with 'SPIRV-Tools-opt.lib(scalar_analysis.obj)' or at 'C:\vulkan_ogldev\bin\SPIRV-Tools-opt.pdb'; linking object as if no debug info
SPIRV-Tools-opt.lib(loop_dependence.obj) : warning LNK4099: PDB 'SPIRV-Tools-opt.pdb' was not found with 'SPIRV-Tools-opt.lib(loop_dependence.obj)' or at 'C:\vulkan_ogldev\bin\SPIRV-Tools-opt.pdb'; linking object as if no debug info
SPIRV-Tools-opt.lib(loop_utils.obj) : warning LNK4099: PDB 'SPIRV-Tools-opt.pdb' was not found with 'SPIRV-Tools-opt.lib(loop_utils.obj)' or at 'C:\vulkan_ogldev\bin\SPIRV-Tools-opt.pdb'; linking object as if no debug info
SPIRV-Tools-opt.lib(loop_fusion.obj) : warning LNK4099: PDB 'SPIRV-Tools-opt.pdb' was not found with 'SPIRV-Tools-opt.lib(loop_fusion.obj)' or at 'C:\vulkan_ogldev\bin\SPIRV-Tools-opt.pdb'; linking object as if no debug info
SPIRV-Tools-opt.lib(scalar_analysis_simplification.obj) : warning LNK4099: PDB 'SPIRV-Tools-opt.pdb' was not found with 'SPIRV-Tools-opt.lib(scalar_analysis_simplification.obj)' or at 'C:\vulkan_ogldev\bin\SPIRV-Tools-opt.pdb'; linking object as if no debug info
SPIRV-Tools-opt.lib(loop_dependence_helpers.obj) : warning LNK4099: PDB 'SPIRV-Tools-opt.pdb' was not found with 'SPIRV-Tools-opt.lib(loop_dependence_helpers.obj)' or at 'C:\vulkan_ogldev\bin\SPIRV-Tools-opt.pdb'; linking object as if no debug info
glslang-default-resource-limits.lib(resource_limits_c.obj) : warning LNK4099: PDB 'glslang-default-resource-limits.pdb' was not found with 'glslang-default-resource-limits.lib(resource_limits_c.obj)' or at 'C:\vulkan_ogldev\bin\glslang-default-resource-limits.pdb'; linking object as if no debug info
glslang-default-resource-limits.lib(ResourceLimits.obj) : warning LNK4099: PDB 'glslang-default-resource-limits.pdb' was not found with 'glslang-default-resource-limits.lib(ResourceLimits.obj)' or at 'C:\vulkan_ogldev\bin\glslang-default-resource-limits.pdb'; linking object as if no debug info
SPIRV-Tools.lib(libspirv.obj) : warning LNK4099: PDB 'SPIRV-Tools.pdb' was not found with 'SPIRV-Tools.lib(libspirv.obj)' or at 'C:\vulkan_ogldev\bin\SPIRV-Tools.pdb'; linking object as if no debug info
LINK : warning LNK4098: defaultlib 'LIBCMT' conflicts with use of other libs; use /NODEFAULTLIB:library
SPIRV-Tools.lib(bit_vector.obj) : warning LNK4099: PDB 'SPIRV-Tools.pdb' was not found with 'SPIRV-Tools.lib(bit_vector.obj)' or at 'C:\vulkan_ogldev\bin\SPIRV-Tools.pdb'; linking object as if no debug info
